<?xml version="1.0" encoding="UTF-8"?>
<!-- Generated by org.testng.reporters.JUnitReportReporter -->
<testsuite skipped="0" hostname="Candidate1" name="com.Test.Testclass.TestHompage" tests="1" failures="0" timestamp="06 May 2017 00:06:48 GMT" time="0.155" errors="0">
  <testcase name="TestNavlinks" time="0.155" classname="com.Test.Testclass.TestHompage"/>
</testsuite> <!-- com.Test.Testclass.TestHompage -->
