<?xml version="1.0" encoding="UTF-8"?>
<!-- Generated by org.testng.reporters.JUnitReportReporter -->
<testsuite skipped="0" hostname="Candidate1" name="walmartHomepage.walmartHomepage1" tests="1" failures="0" timestamp="18 Mar 2017 09:07:51 GMT" time="4.962" errors="0">
  <testcase name="draggable" time="4.962" classname="walmartHomepage.walmartHomepage1"/>
</testsuite> <!-- walmartHomepage.walmartHomepage1 -->
