<?xml version="1.0" encoding="UTF-8"?>
<!-- Generated by org.testng.reporters.JUnitReportReporter -->
<testsuite skipped="0" hostname="Candidate1" name="com.Test.Testclass.TestLinksinoneclass" tests="1" failures="0" timestamp="05 May 2017 23:05:08 GMT" time="15.149" errors="0">
  <testcase name="beforeclass" time="15.149" classname="com.Test.Testclass.TestLinksinoneclass"/>
</testsuite> <!-- com.Test.Testclass.TestLinksinoneclass -->
